Start testing: Feb 21 13:20 +07
----------------------------------------------------------
26/169 Testing: t_byte_stream_construction
26/169 Test: t_byte_stream_construction
Command: "/home/pc/ComNet-Sponge/apps/tests/byte_stream_construction"
Directory: /home/pc/ComNet-Sponge/apps
"t_byte_stream_construction" start time: Feb 21 13:20 +07
Output:
----------------------------------------------------------
<end of output>
Test time =   0.00 sec
----------------------------------------------------------
Test Passed.
"t_byte_stream_construction" end time: Feb 21 13:20 +07
"t_byte_stream_construction" time elapsed: 00:00:00
----------------------------------------------------------

27/169 Testing: t_byte_stream_one_write
27/169 Test: t_byte_stream_one_write
Command: "/home/pc/ComNet-Sponge/apps/tests/byte_stream_one_write"
Directory: /home/pc/ComNet-Sponge/apps
"t_byte_stream_one_write" start time: Feb 21 13:20 +07
Output:
----------------------------------------------------------
<end of output>
Test time =   0.00 sec
----------------------------------------------------------
Test Passed.
"t_byte_stream_one_write" end time: Feb 21 13:20 +07
"t_byte_stream_one_write" time elapsed: 00:00:00
----------------------------------------------------------

28/169 Testing: t_byte_stream_two_writes
28/169 Test: t_byte_stream_two_writes
Command: "/home/pc/ComNet-Sponge/apps/tests/byte_stream_two_writes"
Directory: /home/pc/ComNet-Sponge/apps
"t_byte_stream_two_writes" start time: Feb 21 13:20 +07
Output:
----------------------------------------------------------
<end of output>
Test time =   0.00 sec
----------------------------------------------------------
Test Passed.
"t_byte_stream_two_writes" end time: Feb 21 13:20 +07
"t_byte_stream_two_writes" time elapsed: 00:00:00
----------------------------------------------------------

29/169 Testing: t_byte_stream_capacity
29/169 Test: t_byte_stream_capacity
Command: "/home/pc/ComNet-Sponge/apps/tests/byte_stream_capacity"
Directory: /home/pc/ComNet-Sponge/apps
"t_byte_stream_capacity" start time: Feb 21 13:20 +07
Output:
----------------------------------------------------------
<end of output>
Test time =   0.29 sec
----------------------------------------------------------
Test Passed.
"t_byte_stream_capacity" end time: Feb 21 13:20 +07
"t_byte_stream_capacity" time elapsed: 00:00:00
----------------------------------------------------------

30/169 Testing: t_byte_stream_many_writes
30/169 Test: t_byte_stream_many_writes
Command: "/home/pc/ComNet-Sponge/apps/tests/byte_stream_many_writes"
Directory: /home/pc/ComNet-Sponge/apps
"t_byte_stream_many_writes" start time: Feb 21 13:20 +07
Output:
----------------------------------------------------------
<end of output>
Test time =   0.02 sec
----------------------------------------------------------
Test Passed.
"t_byte_stream_many_writes" end time: Feb 21 13:20 +07
"t_byte_stream_many_writes" time elapsed: 00:00:00
----------------------------------------------------------

31/169 Testing: t_webget
31/169 Test: t_webget
Command: "/home/pc/ComNet-Sponge/tests/webget_t.sh"
Directory: /home/pc/ComNet-Sponge/apps
"t_webget" start time: Feb 21 13:20 +07
Output:
----------------------------------------------------------
Function called: get_URL(tomahawk.postech.ac.kr, /hasher/xyzzy).
Warning: get_URL() has not been implemented yet.
HTTP/1.1 200 OK
Server: nginx
Date: Fri, 21 Feb 2025 06:20:57 GMT
Content-Type: text/html; charset=utf-8
Content-Length: 64
Connection: close
X-Robots-Tag: noindex

184858a00fd7971f810848266ebcecee5e8b69972c5ffaed622f5ee078671aed
<end of output>
Test time =   0.03 sec
----------------------------------------------------------
Test Passed.
"t_webget" end time: Feb 21 13:20 +07
"t_webget" time elapsed: 00:00:00
----------------------------------------------------------

53/169 Testing: t_address_dt
53/169 Test: t_address_dt
Command: "/home/pc/ComNet-Sponge/apps/doctests/address_dt"
Directory: /home/pc/ComNet-Sponge/apps
"t_address_dt" start time: Feb 21 13:20 +07
Output:
----------------------------------------------------------
<end of output>
Test time =   0.00 sec
----------------------------------------------------------
Test Passed.
"t_address_dt" end time: Feb 21 13:20 +07
"t_address_dt" time elapsed: 00:00:00
----------------------------------------------------------

54/169 Testing: t_parser_dt
54/169 Test: t_parser_dt
Command: "/home/pc/ComNet-Sponge/apps/doctests/parser_dt"
Directory: /home/pc/ComNet-Sponge/apps
"t_parser_dt" start time: Feb 21 13:20 +07
Output:
----------------------------------------------------------
<end of output>
Test time =   0.00 sec
----------------------------------------------------------
Test Passed.
"t_parser_dt" end time: Feb 21 13:20 +07
"t_parser_dt" time elapsed: 00:00:00
----------------------------------------------------------

55/169 Testing: t_socket_dt
55/169 Test: t_socket_dt
Command: "/home/pc/ComNet-Sponge/apps/doctests/socket_dt"
Directory: /home/pc/ComNet-Sponge/apps
"t_socket_dt" start time: Feb 21 13:20 +07
Output:
----------------------------------------------------------
<end of output>
Test time =   0.01 sec
----------------------------------------------------------
Test Passed.
"t_socket_dt" end time: Feb 21 13:20 +07
"t_socket_dt" time elapsed: 00:00:00
----------------------------------------------------------

End testing: Feb 21 13:20 +07
